<?xml version="1.0" encoding="UTF-8"?>
<!-- Generated by org.testng.reporters.JUnitXMLReporter -->
<testsuite ignored="0" hostname="Lenovo-B4GY4R1" failures="1" tests="11" name="Test" time="0.046" errors="0" timestamp="18 Mar. 2025 04:11:48 GMT">
  <testcase classname="selenium.Testing1" name="f" time="0.001"/>
  <testcase classname="selenium.Testing1" name="f" time="0.0"/>
  <testcase classname="selenium.Testing1" name="f" time="0.0"/>
  <testcase classname="selenium.Testing1" name="test1" time="0.0"/>
  <testcase classname="selenium.Testing1" name="test2" time="0.0"/>
  <testcase classname="selenium.Testing1" name="test3" time="0.0"/>
  <testcase classname="selenium.Testing2" name="test4" time="0.0"/>
  <testcase classname="selenium.Testing2" name="test5" time="0.0"/>
  <testcase classname="selenium.Testing3" name="createUser" time="0.001">
    <failure type="java.lang.AssertionError" message="expected [abc1] but found [abc]">
      <![CDATA[java.lang.AssertionError: expected [abc1] but found [abc]
at selenium.Testing3.createUser(Testing3.java:18)
... Removed 30 stack frames]]>
    </failure>
  </testcase> <!-- createUser -->
  <testcase classname="selenium.Testing3" name="editUser" time="0.0">
    <skipped/>
  </testcase> <!-- editUser -->
  <testcase classname="selenium.Testing3" name="deleteUser" time="0.0">
    <skipped/>
  </testcase> <!-- deleteUser -->
</testsuite> <!-- Test -->
